  3dboss.cpp
C:\Users\student\Desktop\ProjectC++_phase2\3dmoveblock.h(16,1): warning C4005: 'NUM_MODEL': マクロが再定義されました。
C:\Users\student\Desktop\ProjectC++_phase2\objectX.h(14): message : 'NUM_MODEL' の以前の定義を確認してください
C:\Users\student\Desktop\ProjectC++_phase2\startobj.h(17,1): warning C4005: 'NUM_MODEL': マクロが再定義されました。
C:\Users\student\Desktop\ProjectC++_phase2\3dmoveblock.h(16): message : 'NUM_MODEL' の以前の定義を確認してください
C:\Users\student\Desktop\ProjectC++_phase2\3denemy.h(17,1): warning C4005: 'MAX_MOTION': マクロが再定義されました。
C:\Users\student\Desktop\ProjectC++_phase2\3dplayer.h(17): message : 'MAX_MOTION' の以前の定義を確認してください
C:\Users\student\Desktop\ProjectC++_phase2\endcallui.h(14,1): warning C4005: 'NUM_ICON': マクロが再定義されました。
C:\Users\student\Desktop\ProjectC++_phase2\3dbuffui.h(14): message : 'NUM_ICON' の以前の定義を確認してください
C:\Users\student\Desktop\ProjectC++_phase2\3dboss.h(16,1): warning C4005: 'MAX_KEYSET': マクロが再定義されました。
C:\Users\student\Desktop\ProjectC++_phase2\3dplayer.h(16): message : 'MAX_KEYSET' の以前の定義を確認してください
C:\Users\student\Desktop\ProjectC++_phase2\3dboss.h(17,1): warning C4005: 'MAX_MOTION': マクロが再定義されました。
C:\Users\student\Desktop\ProjectC++_phase2\3denemy.h(17): message : 'MAX_MOTION' の以前の定義を確認してください
C:\Users\student\Desktop\ProjectC++_phase2\bossname_entry.h(14,1): warning C4005: 'NUM_ICON': マクロが再定義されました。
C:\Users\student\Desktop\ProjectC++_phase2\endcallui.h(14): message : 'NUM_ICON' の以前の定義を確認してください
C:\Users\student\Desktop\ProjectC++_phase2\3dboss.cpp(239,23): warning C4244: '引数': 'time_t' から 'unsigned int' への変換です。データが失われる可能性があります。
C:\Users\student\Desktop\ProjectC++_phase2\3dboss.cpp(256,32): warning C4244: '初期化中': 'double' から 'float' への変換です。データが失われる可能性があります。
C:\Users\student\Desktop\ProjectC++_phase2\3dboss.cpp(1028,80): warning C4244: '+=': 'double' から 'float' への変換です。データが失われる可能性があります。
C:\Users\student\Desktop\ProjectC++_phase2\3dboss.cpp(1215,27): warning C4101: 'aElements': ローカル変数は 1 度も使われていません。
C:\Users\student\Desktop\ProjectC++_phase2\3dboss.cpp(1606,110): warning C4244: '引数': 'const int' から 'FLOAT' への変換です。データが失われる可能性があります。
C:\Users\student\Desktop\ProjectC++_phase2\3dboss.cpp(1607,110): warning C4244: '引数': 'const int' から 'FLOAT' への変換です。データが失われる可能性があります。
  コード生成しています。
  1 of 913 functions ( 0.1%) were compiled, the rest were copied from previous compilation.
    0 functions were new in current compilation
    18 functions had inline decision re-evaluated but remain unchanged
  コード生成が終了しました。
  Project52.vcxproj -> C:\Users\student\Desktop\ProjectC++_phase2\x64\Release\ProjectC++_phase2.exe
